DEBUG:root:DEBUG
INFO:root:INFO
WARNING:root:WARNING
ERROR:root:ERROR
CRITICAL:root:CRITICAL
DEBUG:root:DEBUG
INFO:root:INFO
WARNING:root:WARNING
ERROR:root:ERROR
CRITICAL:root:CRITICAL
2018-11-11 17:56:49,269============DEBUG++++++++++DEBUG
2018-11-11 17:56:49,269============INFO++++++++++INFO
2018-11-11 17:56:49,270============WARNING++++++++++WARNING
2018-11-11 17:56:49,270============ERROR++++++++++ERROR
2018-11-11 17:56:49,270============CRITICAL++++++++++CRITICAL
2018-11-11 17:56:49,270============DEBUG++++++++++DEBUG
2018-11-11 17:56:49,270============INFO++++++++++INFO
2018-11-11 17:56:49,270============WARNING++++++++++WARNING
2018-11-11 17:56:49,270============ERROR++++++++++ERROR
2018-11-11 17:56:49,270============CRITICAL++++++++++CRITICAL
